<?xml version="1.0" encoding="UTF-8"?>
<!-- Generated by org.testng.reporters.JUnitReportReporter -->
<testsuite hostname="Faruq" failures="0" tests="1" name="com.facebook.base.DummyTest" time="4.328" errors="0" timestamp="2023-08-24T18:48:49 EDT" skipped="0">
  <testcase classname="com.facebook.base.DummyTest" name="testingTheBase" time="4.328"/>
  <system-out/>
</testsuite> <!-- com.facebook.base.DummyTest -->
