<?xml version="1.0" encoding="UTF-8"?>
<!-- Generated by org.testng.reporters.JUnitReportReporter -->
<testsuite hostname="Faruq" failures="0" tests="2" name="com.facebook.registrationTests.RegistrationTest" time="4.851" errors="0" timestamp="2023-10-13T17:24:02 EDT" skipped="0">
  <testcase classname="com.facebook.registrationTests.RegistrationTest" name="signUpTestForRahul" time="2.442"/>
  <system-out/>
  <testcase classname="com.facebook.registrationTests.RegistrationTest" name="signUpTestForIsrak" time="2.409"/>
  <system-out/>
</testsuite> <!-- com.facebook.registrationTests.RegistrationTest -->
