<?xml version="1.0" encoding="UTF-8"?>
<!-- Generated by org.testng.reporters.JUnitReportReporter -->
<testsuite hostname="Faruq" failures="0" tests="1" name="com.facebook.base.DummyTest" time="1.575" errors="0" timestamp="2023-08-22T20:45:39 EDT" skipped="0">
  <testcase classname="com.facebook.base.DummyTest" name="testingTheBase" time="1.575"/>
  <system-out/>
</testsuite> <!-- com.facebook.base.DummyTest -->
