<?xml version="1.0" encoding="UTF-8"?>
<!-- Generated by org.testng.reporters.JUnitReportReporter -->
<testsuite hostname="Faruq" failures="0" tests="3" name="com.facebook.loginTests.LoginTest" time="6.450" errors="0" timestamp="2023-08-22T21:00:44 EDT" skipped="0">
  <testcase classname="com.facebook.loginTests.LoginTest" name="validLoginTest" time="2.549"/>
  <system-out/>
  <testcase classname="com.facebook.loginTests.LoginTest" name="invalidLoginTest" time="1.899"/>
  <system-out/>
  <testcase classname="com.facebook.loginTests.LoginTest" name="boundaryLoginTest" time="2.002"/>
  <system-out/>
</testsuite> <!-- com.facebook.loginTests.LoginTest -->
