<?xml version="1.0" encoding="UTF-8"?>
<!-- Generated by org.testng.reporters.JUnitReportReporter -->
<testsuite hostname="Faruq" failures="0" tests="1" name="com.facebook.FacebookTest" time="3.782" errors="0" timestamp="2023-08-17T19:50:55 EDT" skipped="0">
  <testcase classname="com.facebook.FacebookTest" name="facebookAppTest" time="3.782"/>
  <system-out/>
</testsuite> <!-- com.facebook.FacebookTest -->
