<?xml version="1.0" encoding="UTF-8"?>
<!-- Generated by org.testng.reporters.JUnitReportReporter -->
<testsuite hostname="Faruq" failures="0" tests="3" name="com.facebook.loginTests.LoginTest" time="12.100" errors="0" timestamp="2023-08-24T18:06:04 EDT" skipped="0">
  <testcase classname="com.facebook.loginTests.LoginTest" name="validLoginTest" time="4.412"/>
  <system-out/>
  <testcase classname="com.facebook.loginTests.LoginTest" name="invalidLoginTest" time="3.778"/>
  <system-out/>
  <testcase classname="com.facebook.loginTests.LoginTest" name="boundaryLoginTest" time="3.910"/>
  <system-out/>
</testsuite> <!-- com.facebook.loginTests.LoginTest -->
