<?xml version="1.0" encoding="UTF-8"?>
<!-- Generated by org.testng.reporters.JUnitReportReporter -->
<testsuite hostname="Faruq" failures="0" tests="3" name="com.facebook.loginTests.LoginTest" time="11.696" errors="0" timestamp="2023-08-31T18:53:34 EDT" skipped="0">
  <testcase classname="com.facebook.loginTests.LoginTest" name="validLoginTest" time="3.775"/>
  <system-out/>
  <testcase classname="com.facebook.loginTests.LoginTest" name="invalidLoginTest" time="4.302"/>
  <system-out/>
  <testcase classname="com.facebook.loginTests.LoginTest" name="boundaryLoginTest" time="3.619"/>
  <system-out/>
</testsuite> <!-- com.facebook.loginTests.LoginTest -->
