<?xml version="1.0" encoding="UTF-8"?>
<!-- Generated by org.testng.reporters.JUnitReportReporter -->
<testsuite hostname="Faruq" failures="0" tests="1" name="com.facebook.base.Edge" time="4.911" errors="0" timestamp="2023-08-24T17:55:24 EDT" skipped="0">
  <testcase classname="com.facebook.base.Edge" name="openEdge" time="4.911"/>
  <system-out/>
</testsuite> <!-- com.facebook.base.Edge -->
