<?xml version="1.0" encoding="UTF-8"?>
<!-- Generated by org.testng.reporters.JUnitReportReporter -->
<testsuite hostname="Faruq" failures="0" tests="2" name="com.facebook.registrationTests.RegistrationTest" time="6.542" errors="0" timestamp="2023-08-22T20:01:16 EDT" skipped="0">
  <testcase classname="com.facebook.registrationTests.RegistrationTest" name="signUpTestForRahul" time="3.619"/>
  <system-out/>
  <testcase classname="com.facebook.registrationTests.RegistrationTest" name="signUpTestForIsrak" time="2.923"/>
  <system-out/>
</testsuite> <!-- com.facebook.registrationTests.RegistrationTest -->
